["Assets\\Scripts\\Space4x\\Climate\\TerraformingSystem.cs(85,73): error CS0315: The type 'Unity.Entities.Entity' cannot be used as type parameter 'T1' in the generic type or method 'SystemAPI.Query<T1, T2, T3>()'. There is no boxing conversion from 'Unity.Entities.Entity' to 'Unity.Entities.IQueryTypeParameter'.","Assets\\Scripts\\Space4x\\Climate\\TerraformingSystem.cs(89,66): error CS0315: The type 'Unity.Entities.Entity' cannot be used as type parameter 'T1' in the generic type or method 'SystemAPI.Query<T1, T2>()'. There is no boxing conversion from 'Unity.Entities.Entity' to 'Unity.Entities.IQueryTypeParameter'.","Assets\\Scripts\\Space4x\\Climate\\TerraformingSystem.cs(85,73): error CS0315: The type 'Unity.Entities.Entity' cannot be used as type parameter 'T1' in the generic type or method 'SystemAPI.Query<T1, T2, T3>()'. There is no boxing conversion from 'Unity.Entities.Entity' to 'Unity.Entities.IQueryTypeParameter'.","Assets\\Scripts\\Space4x\\Climate\\TerraformingSystem.cs(89,66): error CS0315: The type 'Unity.Entities.Entity' cannot be used as type parameter 'T1' in the generic type or method 'SystemAPI.Query<T1, T2>()'. There is no boxing conversion from 'Unity.Entities.Entity' to 'Unity.Entities.IQueryTypeParameter'.","Assets\\Scripts\\Space4x\\Climate\\TerraformingSystem.cs(23,36): error CS0246: The type or namespace name 'TimeState' could not be found (are you missing a using directive or an assembly reference?)","Assets\\Scripts\\Space4x\\Climate\\TerraformingSystem.cs(30,52): error CS0246: The type or namespace name 'TimeState' could not be found (are you missing a using directive or an assembly reference?)","Assets\\Scripts\\Space4x\\Climate\\BioDeckSystem.cs(79,73): error CS0315: The type 'Unity.Entities.Entity' cannot be used as type parameter 'T1' in the generic type or method 'SystemAPI.Query<T1, T2, T3>()'. There is no boxing conversion from 'Unity.Entities.Entity' to 'Unity.Entities.IQueryTypeParameter'.","Assets\\Scripts\\Space4x\\Combat\\SpaceCombatSystem.cs(27,36): error CS0246: The type or namespace name 'DemoScenarioState' could not be found (are you missing a using directive or an assembly reference?)","Assets\\Scripts\\Space4x\\Climate\\TerraformingSystem.cs(30,63): error CS0246: The type or namespace name 'TimeState' could not be found (are you missing a using directive or an assembly reference?)","Assets\\Scripts\\Space4x\\Climate\\TerraformingSystem.cs(50,43): error CS1061: 'int' does not contain a definition for 'IsValid' and no accessible extension method 'IsValid' accepting a first argument of type 'int' could be found (are you missing a using directive or an assembly reference?)","Assets\\Scripts\\Space4x\\Climate\\BioDeckSystem.cs(79,73): error CS0315: The type 'Unity.Entities.Entity' cannot be used as type parameter 'T1' in the generic type or method 'SystemAPI.Query<T1, T2, T3>()'. There is no boxing conversion from 'Unity.Entities.Entity' to 'Unity.Entities.IQueryTypeParameter'.","Assets\\Scripts\\Space4x\\Climate\\TerraformingSystem.cs(83,30): error CS0246: The type or namespace name 'TimeState' could not be found (are you missing a using directive or an assembly reference?)","Assets\\Scripts\\Space4x\\Combat\\SpaceCombatSystem.cs(35,52): error CS0246: The type or namespace name 'DemoScenarioState' could not be found (are you missing a using directive or an assembly reference?)","Assets\\Scripts\\Space4x\\Combat\\SpaceCombatSystem.cs(42,48): error CS1061: 'TimeState' does not contain a definition for 'WorldSeconds' and no accessible extension method 'WorldSeconds' accepting a first argument of type 'TimeState' could be found (are you missing a using directive or an assembly reference?)","Assets\\Scripts\\Space4x\\Combat\\SpaceCombatSystem.cs(46,80): error CS0315: The type 'Unity.Entities.Entity' cannot be used as type parameter 'T1' in the generic type or method 'SystemAPI.Query<T1, T2, T3, T4>()'. There is no boxing conversion from 'Unity.Entities.Entity' to 'Unity.Entities.IQueryTypeParameter'.","Assets\\Scripts\\Space4x\\Mining\\Systems\\MiningWingBehaviorSystem.cs(48,52): error CS0246: The type or namespace name 'TimeState' could not be found (are you missing a using directive or an assembly reference?)","Assets\\Scripts\\Space4x\\Combat\\SpaceCombatSystem.cs(35,62): error CS0246: The type or namespace name 'DemoScenarioState' could not be found (are you missing a using directive or an assembly reference?)","Assets\\Scripts\\Space4x\\Combat\\SpaceCombatSystem.cs(42,48): error CS1061: 'TimeState' does not contain a definition for 'WorldSeconds' and no accessible extension method 'WorldSeconds' accepting a first argument of type 'TimeState' could be found (are you missing a using directive or an assembly reference?)","Assets\\Scripts\\Space4x\\Combat\\SpaceCombatSystem.cs(46,80): error CS0315: The type 'Unity.Entities.Entity' cannot be used as type parameter 'T1' in the generic type or method 'SystemAPI.Query<T1, T2, T3, T4>()'. There is no boxing conversion from 'Unity.Entities.Entity' to 'Unity.Entities.IQueryTypeParameter'.","Assets\\Scripts\\Space4x\\Mining\\Systems\\MiningWingBehaviorSystem.cs(48,63): error CS0246: The type or namespace name 'TimeState' could not be found (are you missing a using directive or an assembly reference?)","Assets\\Scripts\\Space4x\\Combat\\SpaceCombatSystem.cs(150,30): error CS0246: The type or namespace name 'DemoScenarioState' could not be found (are you missing a using directive or an assembly reference?)","Assets\\Scripts\\Space4x\\Mining\\Systems\\MiningWingBehaviorSystem.cs(104,30): error CS0246: The type or namespace name 'TimeState' could not be found (are you missing a using directive or an assembly reference?)","Assets\\Scripts\\Space4x\\StrikeCraft\\Systems\\StrikeWingBehaviorSystem.cs(48,52): error CS0246: The type or namespace name 'TimeState' could not be found (are you missing a using directive or an assembly reference?)","Assets\\Scripts\\Space4x\\StrikeCraft\\Systems\\StrikeWingBehaviorSystem.cs(48,63): error CS0246: The type or namespace name 'TimeState' could not be found (are you missing a using directive or an assembly reference?)","Assets\\Scripts\\Space4x\\StrikeCraft\\Systems\\StrikeWingBehaviorSystem.cs(104,30): error CS0246: The type or namespace name 'TimeState' could not be found (are you missing a using directive or an assembly reference?)","Assets\\Scripts\\Space4x\\Platform\\Authoring\\PlatformAuthoring.cs(116,52): error CS1503: Argument 1: cannot convert from 'Unity.Entities.Entity' to 'UnityEngine.GameObject'","Assets\\Scripts\\Space4x\\StrikeCraft\\Systems\\StrikeWingBehaviorSystem.cs(113,32): error CS1061: 'GroupMember' does not contain a definition for 'Member' and no accessible extension method 'Member' accepting a first argument of type 'GroupMember' could be found (are you missing a using directive or an assembly reference?)","Assets\\Scripts\\Space4x\\StrikeCraft\\Systems\\StrikeWingBehaviorSystem.cs(119,58): error CS1061: 'GroupMember' does not contain a definition for 'Member' and no accessible extension method 'Member' accepting a first argument of type 'GroupMember' could be found (are you missing a using directive or an assembly reference?)","Assets\\Scripts\\Space4x\\StrikeCraft\\Systems\\StrikeWingBehaviorSystem.cs(121,58): error CS1061: 'GroupMember' does not contain a definition for 'Member' and no accessible extension method 'Member' accepting a first argument of type 'GroupMember' could be found (are you missing a using directive or an assembly reference?)","Assets\\Scripts\\Space4x\\StrikeCraft\\Systems\\StrikeWingBehaviorSystem.cs(131,63): error CS1061: 'GroupMember' does not contain a definition for 'Member' and no accessible extension method 'Member' accepting a first argument of type 'GroupMember' could be found (are you missing a using directive or an assembly reference?)","Assets\\Scripts\\Space4x\\StrikeCraft\\Systems\\StrikeWingBehaviorSystem.cs(136,60): error CS1061: 'GroupMember' does not contain a definition for 'Member' and no accessible extension method 'Member' accepting a first argument of type 'GroupMember' could be found (are you missing a using directive or an assembly reference?)","Assets\\Scripts\\Space4x\\StrikeCraft\\Systems\\StrikeWingBehaviorSystem.cs(145,57): error CS1061: 'GroupMember' does not contain a definition for 'Member' and no accessible extension method 'Member' accepting a first argument of type 'GroupMember' could be found (are you missing a using directive or an assembly reference?)","Assets\\Scripts\\Space4x\\StrikeCraft\\Systems\\StrikeWingBehaviorSystem.cs(145,106): error CS1061: 'GroupMember' does not contain a definition for 'Member' and no accessible extension method 'Member' accepting a first argument of type 'GroupMember' could be found (are you missing a using directive or an assembly reference?)","Assets\\Scripts\\Space4x\\StrikeCraft\\Systems\\StrikeWingBehaviorSystem.cs(147,56): error CS1061: 'GroupMember' does not contain a definition for 'Member' and no accessible extension method 'Member' accepting a first argument of type 'GroupMember' could be found (are you missing a using directive or an assembly reference?)","Assets\\Scripts\\Space4x\\StrikeCraft\\Systems\\StrikeWingBehaviorSystem.cs(148,68): error CS1061: 'GroupMember' does not contain a definition for 'Member' and no accessible extension method 'Member' accepting a first argument of type 'GroupMember' could be found (are you missing a using directive or an assembly reference?)","Assets\\Scripts\\Space4x\\Mining\\Systems\\MiningWingBehaviorSystem.cs(91,32): error CS1061: 'GroupMember' does not contain a definition for 'Member' and no accessible extension method 'Member' accepting a first argument of type 'GroupMember' could be found (are you missing a using directive or an assembly reference?)","Assets\\Scripts\\Space4x\\Mining\\Systems\\MiningWingBehaviorSystem.cs(97,58): error CS1061: 'GroupMember' does not contain a definition for 'Member' and no accessible extension method 'Member' accepting a first argument of type 'GroupMember' could be found (are you missing a using directive or an assembly reference?)","Assets\\Scripts\\Space4x\\Mining\\Systems\\MiningWingBehaviorSystem.cs(99,58): error CS1061: 'GroupMember' does not contain a definition for 'Member' and no accessible extension method 'Member' accepting a first argument of type 'GroupMember' could be found (are you missing a using directive or an assembly reference?)","Assets\\Scripts\\Space4x\\Mining\\Systems\\MiningWingBehaviorSystem.cs(109,63): error CS1061: 'GroupMember' does not contain a definition for 'Member' and no accessible extension method 'Member' accepting a first argument of type 'GroupMember' could be found (are you missing a using directive or an assembly reference?)","Assets\\Scripts\\Space4x\\Mining\\Systems\\MiningWingBehaviorSystem.cs(114,60): error CS1061: 'GroupMember' does not contain a definition for 'Member' and no accessible extension method 'Member' accepting a first argument of type 'GroupMember' could be found (are you missing a using directive or an assembly reference?)","Assets\\Scripts\\Space4x\\Mining\\Systems\\MiningWingBehaviorSystem.cs(134,57): error CS1061: 'GroupMember' does not contain a definition for 'Member' and no accessible extension method 'Member' accepting a first argument of type 'GroupMember' could be found (are you missing a using directive or an assembly reference?)","Assets\\Scripts\\Space4x\\Mining\\Systems\\MiningWingBehaviorSystem.cs(134,106): error CS1061: 'GroupMember' does not contain a definition for 'Member' and no accessible extension method 'Member' accepting a first argument of type 'GroupMember' could be found (are you missing a using directive or an assembly reference?)","Assets\\Scripts\\Space4x\\Mining\\Systems\\MiningWingBehaviorSystem.cs(136,56): error CS1061: 'GroupMember' does not contain a definition for 'Member' and no accessible extension method 'Member' accepting a first argument of type 'GroupMember' could be found (are you missing a using directive or an assembly reference?)","Assets\\Scripts\\Space4x\\Mining\\Systems\\MiningWingBehaviorSystem.cs(137,68): error CS1061: 'GroupMember' does not contain a definition for 'Member' and no accessible extension method 'Member' accepting a first argument of type 'GroupMember' could be found (are you missing a using directive or an assembly reference?)","Assets\\Scripts\\Space4x\\Platform\\Systems\\PlatformRegistryBootstrap.cs(239,41): error CS0029: Cannot implicitly convert type 'Unity.Entities.BlobBuilderArray<byte>' to 'Unity.Entities.BlobArray<byte>'"]